{"code":"ER_NOT_SUPPORTED_AUTH_MODE","errno":1251,"fatal":true,"level":"error","message":"Error connecting to the database ER_NOT_SUPPORTED_AUTH_MODE: Client does not support authentication protocol requested by server; consider upgrading MySQL client","sqlMessage":"Client does not support authentication protocol requested by server; consider upgrading MySQL client","sqlState":"08004","stack":"Error: ER_NOT_SUPPORTED_AUTH_MODE: Client does not support authentication protocol requested by server; consider upgrading MySQL client\n    at Sequence._packetToError (/Users/dahliasukaik/Documents/aws-three-tier-web-architecture-workshop-main 2/application-code/app-tier/node_modules/mysql/lib/protocol/sequences/Sequence.js:47:14)\n    at Handshake.ErrorPacket (/Users/dahliasukaik/Documents/aws-three-tier-web-architecture-workshop-main 2/application-code/app-tier/node_modules/mysql/lib/protocol/sequences/Handshake.js:123:18)\n    at Protocol._parsePacket (/Users/dahliasukaik/Documents/aws-three-tier-web-architecture-workshop-main 2/application-code/app-tier/node_modules/mysql/lib/protocol/Protocol.js:291:23)\n    at Parser._parsePacket (/Users/dahliasukaik/Documents/aws-three-tier-web-architecture-workshop-main 2/application-code/app-tier/node_modules/mysql/lib/protocol/Parser.js:433:10)\n    at Parser.write (/Users/dahliasukaik/Documents/aws-three-tier-web-architecture-workshop-main 2/application-code/app-tier/node_modules/mysql/lib/protocol/Parser.js:43:10)\n    at Protocol.write (/Users/dahliasukaik/Documents/aws-three-tier-web-architecture-workshop-main 2/application-code/app-tier/node_modules/mysql/lib/protocol/Protocol.js:38:16)\n    at Socket.<anonymous> (/Users/dahliasukaik/Documents/aws-three-tier-web-architecture-workshop-main 2/application-code/app-tier/node_modules/mysql/lib/Connection.js:88:28)\n    at Socket.<anonymous> (/Users/dahliasukaik/Documents/aws-three-tier-web-architecture-workshop-main 2/application-code/app-tier/node_modules/mysql/lib/Connection.js:526:10)\n    at Socket.emit (node:events:518:28)\n    at addChunk (node:internal/streams/readable:561:12)\n    --------------------\n    at Protocol._enqueue (/Users/dahliasukaik/Documents/aws-three-tier-web-architecture-workshop-main 2/application-code/app-tier/node_modules/mysql/lib/protocol/Protocol.js:144:48)\n    at Protocol.handshake (/Users/dahliasukaik/Documents/aws-three-tier-web-architecture-workshop-main 2/application-code/app-tier/node_modules/mysql/lib/protocol/Protocol.js:51:23)\n    at PoolConnection.connect (/Users/dahliasukaik/Documents/aws-three-tier-web-architecture-workshop-main 2/application-code/app-tier/node_modules/mysql/lib/Connection.js:116:18)\n    at Pool.getConnection (/Users/dahliasukaik/Documents/aws-three-tier-web-architecture-workshop-main 2/application-code/app-tier/node_modules/mysql/lib/Pool.js:48:16)\n    at Object.<anonymous> (/Users/dahliasukaik/Documents/aws-three-tier-web-architecture-workshop-main 2/application-code/app-tier/TransactionService.js:38:6)\n    at Module._compile (node:internal/modules/cjs/loader:1546:14)\n    at Object..js (node:internal/modules/cjs/loader:1689:10)\n    at Module.load (node:internal/modules/cjs/loader:1318:32)\n    at Function._load (node:internal/modules/cjs/loader:1128:12)\n    at TracingChannel.traceSync (node:diagnostics_channel:315:14)","timestamp":"2024-12-06T09:45:38.927Z"}
{"code":"ER_NOT_SUPPORTED_AUTH_MODE","errno":1251,"fatal":true,"level":"error","message":"Error connecting to the database ER_NOT_SUPPORTED_AUTH_MODE: Client does not support authentication protocol requested by server; consider upgrading MySQL client","sqlMessage":"Client does not support authentication protocol requested by server; consider upgrading MySQL client","sqlState":"08004","stack":"Error: ER_NOT_SUPPORTED_AUTH_MODE: Client does not support authentication protocol requested by server; consider upgrading MySQL client\n    at Sequence._packetToError (/Users/dahliasukaik/Documents/aws-three-tier-web-architecture-workshop-main 2/application-code/app-tier/node_modules/mysql/lib/protocol/sequences/Sequence.js:47:14)\n    at Handshake.ErrorPacket (/Users/dahliasukaik/Documents/aws-three-tier-web-architecture-workshop-main 2/application-code/app-tier/node_modules/mysql/lib/protocol/sequences/Handshake.js:123:18)\n    at Protocol._parsePacket (/Users/dahliasukaik/Documents/aws-three-tier-web-architecture-workshop-main 2/application-code/app-tier/node_modules/mysql/lib/protocol/Protocol.js:291:23)\n    at Parser._parsePacket (/Users/dahliasukaik/Documents/aws-three-tier-web-architecture-workshop-main 2/application-code/app-tier/node_modules/mysql/lib/protocol/Parser.js:433:10)\n    at Parser.write (/Users/dahliasukaik/Documents/aws-three-tier-web-architecture-workshop-main 2/application-code/app-tier/node_modules/mysql/lib/protocol/Parser.js:43:10)\n    at Protocol.write (/Users/dahliasukaik/Documents/aws-three-tier-web-architecture-workshop-main 2/application-code/app-tier/node_modules/mysql/lib/protocol/Protocol.js:38:16)\n    at Socket.<anonymous> (/Users/dahliasukaik/Documents/aws-three-tier-web-architecture-workshop-main 2/application-code/app-tier/node_modules/mysql/lib/Connection.js:88:28)\n    at Socket.<anonymous> (/Users/dahliasukaik/Documents/aws-three-tier-web-architecture-workshop-main 2/application-code/app-tier/node_modules/mysql/lib/Connection.js:526:10)\n    at Socket.emit (node:events:518:28)\n    at addChunk (node:internal/streams/readable:561:12)\n    --------------------\n    at Protocol._enqueue (/Users/dahliasukaik/Documents/aws-three-tier-web-architecture-workshop-main 2/application-code/app-tier/node_modules/mysql/lib/protocol/Protocol.js:144:48)\n    at Protocol.handshake (/Users/dahliasukaik/Documents/aws-three-tier-web-architecture-workshop-main 2/application-code/app-tier/node_modules/mysql/lib/protocol/Protocol.js:51:23)\n    at PoolConnection.connect (/Users/dahliasukaik/Documents/aws-three-tier-web-architecture-workshop-main 2/application-code/app-tier/node_modules/mysql/lib/Connection.js:116:18)\n    at Pool.getConnection (/Users/dahliasukaik/Documents/aws-three-tier-web-architecture-workshop-main 2/application-code/app-tier/node_modules/mysql/lib/Pool.js:48:16)\n    at Object.<anonymous> (/Users/dahliasukaik/Documents/aws-three-tier-web-architecture-workshop-main 2/application-code/app-tier/TransactionService.js:38:6)\n    at Module._compile (node:internal/modules/cjs/loader:1546:14)\n    at Object..js (node:internal/modules/cjs/loader:1689:10)\n    at Module.load (node:internal/modules/cjs/loader:1318:32)\n    at Function._load (node:internal/modules/cjs/loader:1128:12)\n    at TracingChannel.traceSync (node:diagnostics_channel:315:14)","timestamp":"2024-12-06T09:47:02.194Z"}
{"level":"info","message":"Successfully connected to database","timestamp":"2024-12-06T09:48:42.817Z"}
{"level":"info","message":"Successfully connected to the database","timestamp":"2024-12-06T09:57:44.594Z"}
{"level":"info","message":"Successfully connected to the database","timestamp":"2024-12-06T10:08:41.069Z"}
{"level":"info","message":"Attempting to add transaction: amount=50, desc=Test transaction","timestamp":"2024-12-06T10:13:08.738Z"}
{"level":"info","message":"Transaction added successfully","timestamp":"2024-12-06T10:13:08.746Z"}
{"level":"info","message":"Attempting to retrieve all transactions","timestamp":"2024-12-06T10:15:49.219Z"}
{"level":"info","message":"Successfully retrieved 4 transactions","timestamp":"2024-12-06T10:15:49.225Z"}
{"level":"info","message":"Attempting to delete all transactions","timestamp":"2024-12-06T10:16:45.092Z"}
{"level":"info","message":"All transactions deleted successfully","timestamp":"2024-12-06T10:16:45.096Z"}
{"level":"info","message":"Attempting to retrieve all transactions","timestamp":"2024-12-06T10:16:53.059Z"}
{"level":"warn","message":"No transactions found","timestamp":"2024-12-06T10:16:53.062Z"}
{"level":"info","message":"Attempting to add transaction: amount=50, desc=Test transaction","timestamp":"2024-12-06T10:17:26.171Z"}
{"level":"info","message":"Transaction added successfully","timestamp":"2024-12-06T10:17:26.174Z"}
{"level":"info","message":"Attempting to add transaction: amount=50, desc=Test transaction","timestamp":"2024-12-06T10:17:40.828Z"}
{"level":"info","message":"Transaction added successfully","timestamp":"2024-12-06T10:17:40.832Z"}
{"level":"info","message":"Attempting to retrieve all transactions","timestamp":"2024-12-06T10:17:48.004Z"}
{"level":"info","message":"Successfully retrieved 2 transactions","timestamp":"2024-12-06T10:17:48.006Z"}
{"level":"info","message":"Attempting to retrieve all transactions","timestamp":"2024-12-06T10:18:45.621Z"}
{"level":"info","message":"Successfully retrieved 2 transactions","timestamp":"2024-12-06T10:18:45.624Z"}
{"level":"info","message":"Attempting to retrieve all transactions","timestamp":"2024-12-06T10:19:19.375Z"}
{"level":"info","message":"Successfully retrieved 2 transactions","timestamp":"2024-12-06T10:19:19.377Z"}
{"level":"info","message":"Attempting to retrieve all transactions","timestamp":"2024-12-06T10:20:46.992Z"}
{"level":"info","message":"Successfully retrieved 2 transactions","timestamp":"2024-12-06T10:20:46.992Z"}
{"level":"info","message":"Attempting to add transaction: amount=50, desc=Test transaction","timestamp":"2024-12-06T10:20:58.533Z"}
{"level":"info","message":"Transaction added successfully","timestamp":"2024-12-06T10:20:58.535Z"}
{"level":"info","message":"Attempting to retrieve all transactions","timestamp":"2024-12-06T10:21:03.690Z"}
{"level":"info","message":"Successfully retrieved 3 transactions","timestamp":"2024-12-06T10:21:03.692Z"}
{"level":"info","message":"Attempting to retrieve all transactions","timestamp":"2024-12-06T10:23:50.887Z"}
{"level":"info","message":"Successfully retrieved 3 transactions","timestamp":"2024-12-06T10:23:50.889Z"}
{"level":"info","message":"Attempting to add transaction: amount=50, desc=Test transaction","timestamp":"2024-12-06T10:26:33.030Z"}
{"level":"info","message":"Transaction added successfully","timestamp":"2024-12-06T10:26:33.034Z"}
{"level":"info","message":"Attempting to retrieve all transactions","timestamp":"2024-12-06T10:26:59.742Z"}
{"level":"info","message":"Successfully retrieved 4 transactions","timestamp":"2024-12-06T10:26:59.744Z"}
{"level":"info","message":"Successfully connected to the database","timestamp":"2024-12-06T10:36:57.274Z"}
{"level":"info","message":"Attempting to retrieve all transactions","timestamp":"2024-12-06T10:55:21.175Z"}
{"level":"info","message":"Successfully retrieved 4 transactions","timestamp":"2024-12-06T10:55:21.181Z"}
{"level":"info","message":"Attempting to retrieve all transactions","timestamp":"2024-12-06T10:55:21.186Z"}
{"level":"info","message":"Successfully retrieved 4 transactions","timestamp":"2024-12-06T10:55:21.188Z"}
{"level":"info","message":"Attempting to retrieve all transactions","timestamp":"2024-12-06T10:55:21.190Z"}
{"level":"info","message":"Successfully retrieved 4 transactions","timestamp":"2024-12-06T10:55:21.191Z"}
{"level":"info","message":"Attempting to retrieve all transactions","timestamp":"2024-12-06T10:55:21.193Z"}
{"level":"info","message":"Successfully retrieved 4 transactions","timestamp":"2024-12-06T10:55:21.194Z"}
{"level":"info","message":"Attempting to delete all transactions","timestamp":"2024-12-06T10:56:50.520Z"}
{"level":"info","message":"All transactions deleted successfully","timestamp":"2024-12-06T10:56:50.526Z"}
{"level":"info","message":"Attempting to retrieve all transactions","timestamp":"2024-12-06T10:56:50.532Z"}
{"level":"warn","message":"No transactions found","timestamp":"2024-12-06T10:56:50.535Z"}
{"level":"info","message":"Attempting to add transaction: amount=55, desc=nnn","timestamp":"2024-12-06T10:56:57.933Z"}
{"level":"info","message":"Transaction added successfully","timestamp":"2024-12-06T10:56:57.935Z"}
{"level":"info","message":"Attempting to retrieve all transactions","timestamp":"2024-12-06T10:56:57.938Z"}
{"level":"info","message":"Successfully retrieved 1 transactions","timestamp":"2024-12-06T10:56:57.939Z"}
